BLEMonitor/app/build/intermediates/manifest_merge_blame_file/debug/manifest-merger-blame-debug-report.txt
1<?xml version="1.0" encoding="utf-8"?>
2<manifest xmlns:android="http://schemas.android.com/apk/res/android"
3    package="com.mvcion.blemonitor"
4    android:versionCode="1"
5    android:versionName="1.0" >
6
7    <uses-sdk
8        android:minSdkVersion="23"
8-->src/main/AndroidManifest.xml
9        android:targetSdkVersion="30" />
9-->src/main/AndroidManifest.xml
10
11    <uses-permission android:name="android.permission.BLUETOOTH" />
11-->src/main/AndroidManifest.xml:5:5-68
11-->src/main/AndroidManifest.xml:5:22-65
12    <uses-permission android:name="android.permission.BLUETOOTH_ADMIN" />
12-->src/main/AndroidManifest.xml:6:5-74
12-->src/main/AndroidManifest.xml:6:22-71
13    <uses-permission android:name="android.permission.ACCESS_COARSE_LOCATION" />
13-->src/main/AndroidManifest.xml:7:5-81
13-->src/main/AndroidManifest.xml:7:22-78
14    <uses-permission android:name="android.permission.ACCESS_FINE_LOCATION" />
14-->src/main/AndroidManifest.xml:8:5-79
14-->src/main/AndroidManifest.xml:8:22-76
15
16    <uses-feature
16-->src/main/AndroidManifest.xml:10:5-12:35
17        android:name="android.hardware.bluetooth_le"
17-->src/main/AndroidManifest.xml:11:9-53
18        android:required="true" />
18-->src/main/AndroidManifest.xml:12:9-32
19
20    <application
20-->src/main/AndroidManifest.xml:14:5-32:19
21        android:allowBackup="true"
21-->src/main/AndroidManifest.xml:15:9-35
22        android:appComponentFactory="androidx.core.app.CoreComponentFactory"
22-->[androidx.core:core:1.3.1] AndroidManifest.xml:24:18-86
23        android:debuggable="true"
24        android:extractNativeLibs="false"
25        android:icon="@mipmap/ic_launcher"
25-->src/main/AndroidManifest.xml:16:9-43
26        android:label="@string/app_name"
26-->src/main/AndroidManifest.xml:17:9-41
27        android:roundIcon="@mipmap/ic_launcher_round"
27-->src/main/AndroidManifest.xml:18:9-54
28        android:supportsRtl="true"
28-->src/main/AndroidManifest.xml:19:9-35
29        android:testOnly="true"
30        android:theme="@style/Theme.BLEMonitor" >
30-->src/main/AndroidManifest.xml:20:9-48
31        <activity android:name="com.mvcion.blemonitor.SenderActivity" />
31-->src/main/AndroidManifest.xml:22:9-52
31-->src/main/AndroidManifest.xml:22:19-49
32        <activity android:name="com.mvcion.blemonitor.ReceiverActivity" />
32-->src/main/AndroidManifest.xml:23:9-54
32-->src/main/AndroidManifest.xml:23:19-51
33        <activity android:name="com.mvcion.blemonitor.ModeSelectorActivity" />
33-->src/main/AndroidManifest.xml:24:9-58
33-->src/main/AndroidManifest.xml:24:19-55
34        <activity android:name="com.mvcion.blemonitor.MainActivity" >
34-->src/main/AndroidManifest.xml:25:9-30:20
34-->src/main/AndroidManifest.xml:25:19-47
35            <intent-filter>
35-->src/main/AndroidManifest.xml:26:13-29:29
36                <action android:name="android.intent.action.MAIN" />
36-->src/main/AndroidManifest.xml:27:17-69
36-->src/main/AndroidManifest.xml:27:25-66
37
38                <category android:name="android.intent.category.LAUNCHER" />
38-->src/main/AndroidManifest.xml:28:17-77
38-->src/main/AndroidManifest.xml:28:27-74
39            </intent-filter>
40        </activity>
41    </application>
42
43</manifest>